# JRE version: Java(TM) SE Runtime Environment 18.9 (11.0.11+9) (build 11.0.11+9-LTS-194)
# Java VM: Java HotSpot(TM) 64-Bit Server VM 18.9 (11.0.11+9-LTS-194, mixed mode, tiered, compressed oops, g1 gc, windows-amd64)
Heap:
 garbage-first heap   total 262144K, used 66553K [0x00000000e0000000, 0x0000000100000000)
  region size 1024K, 36 young (36864K), 16 survivors (16384K)
 Metaspace       used 62256K, capacity 63928K, committed 64128K, reserved 311296K
  class space    used 7880K, capacity 8521K, committed 8576K, reserved 253952K
GC Heap History (10 events):
Event: 8.416 GC heap before
{Heap before GC invocations=5 (full 0):
 garbage-first heap   total 262144K, used 66989K [0x00000000e0000000, 0x0000000100000000)
  region size 1024K, 52 young (53248K), 2 survivors (2048K)
 Metaspace       used 26196K, capacity 26819K, committed 27008K, reserved 278528K
  class space    used 3429K, capacity 3634K, committed 3712K, reserved 253952K
}
Event: 8.429 GC heap after
{Heap after GC invocations=6 (full 0):
 garbage-first heap   total 262144K, used 17688K [0x00000000e0000000, 0x0000000100000000)
  region size 1024K, 4 young (4096K), 4 survivors (4096K)
 Metaspace       used 26196K, capacity 26819K, committed 27008K, reserved 278528K
  class space    used 3429K, capacity 3634K, committed 3712K, reserved 253952K
}
Event: 11.096 GC heap before
{Heap before GC invocations=6 (full 0):
 garbage-first heap   total 262144K, used 69912K [0x00000000e0000000, 0x0000000100000000)
  region size 1024K, 53 young (54272K), 4 survivors (4096K)
 Metaspace       used 35098K, capacity 35741K, committed 35840K, reserved 286720K
  class space    used 4516K, capacity 4775K, committed 4864K, reserved 253952K
}
Event: 11.114 GC heap after
{Heap after GC invocations=7 (full 0):
 garbage-first heap   total 262144K, used 23744K [0x00000000e0000000, 0x0000000100000000)
  region size 1024K, 8 young (8192K), 8 survivors (8192K)
 Metaspace       used 35098K, capacity 35741K, committed 35840K, reserved 286720K
  class space    used 4516K, capacity 4775K, committed 4864K, reserved 253952K
}
Event: 18.157 GC heap before
{Heap before GC invocations=8 (full 0):
 garbage-first heap   total 262144K, used 95424K [0x00000000e0000000, 0x0000000100000000)
  region size 1024K, 78 young (79872K), 8 survivors (8192K)
 Metaspace       used 41399K, capacity 42377K, committed 42624K, reserved 290816K
  class space    used 5300K, capacity 5687K, committed 5760K, reserved 253952K
}
Event: 18.195 GC heap after
{Heap after GC invocations=9 (full 0):
 garbage-first heap   total 262144K, used 26710K [0x00000000e0000000, 0x0000000100000000)
  region size 1024K, 9 young (9216K), 9 survivors (9216K)
 Metaspace       used 41399K, capacity 42377K, committed 42624K, reserved 290816K
  class space    used 5300K, capacity 5687K, committed 5760K, reserved 253952K
}
Event: 22.147 GC heap before
{Heap before GC invocations=10 (full 0):
 garbage-first heap   total 262144K, used 129110K [0x00000000e0000000, 0x0000000100000000)
  region size 1024K, 107 young (109568K), 9 survivors (9216K)
 Metaspace       used 48507K, capacity 49780K, committed 50048K, reserved 299008K
  class space    used 6201K, capacity 6706K, committed 6784K, reserved 253952K
}
Event: 22.189 GC heap after
{Heap after GC invocations=11 (full 0):
 garbage-first heap   total 262144K, used 38014K [0x00000000e0000000, 0x0000000100000000)
  region size 1024K, 13 young (13312K), 13 survivors (13312K)
 Metaspace       used 48507K, capacity 49780K, committed 50048K, reserved 299008K
  class space    used 6201K, capacity 6706K, committed 6784K, reserved 253952K
}
Event: 26.504 GC heap before
{Heap before GC invocations=11 (full 0):
 garbage-first heap   total 262144K, used 154750K [0x00000000e0000000, 0x0000000100000000)
  region size 1024K, 127 young (130048K), 13 survivors (13312K)
 Metaspace       used 60688K, capacity 62331K, committed 62464K, reserved 309248K
  class space    used 7675K, capacity 8339K, committed 8448K, reserved 253952K
}
Event: 26.559 GC heap after
{Heap after GC invocations=12 (full 0):
 garbage-first heap   total 262144K, used 47097K [0x00000000e0000000, 0x0000000100000000)
  region size 1024K, 16 young (16384K), 16 survivors (16384K)
 Metaspace       used 60688K, capacity 62331K, committed 62464K, reserved 309248K
  class space    used 7675K, capacity 8339K, committed 8448K, reserved 253952K
}

