# JRE version: Java(TM) SE Runtime Environment 18.9 (11.0.11+9) (build 11.0.11+9-LTS-194)
# Java VM: Java HotSpot(TM) 64-Bit Server VM 18.9 (11.0.11+9-LTS-194, mixed mode, tiered, compressed oops, g1 gc, windows-amd64)
Heap:
 garbage-first heap   total 262144K, used 125795K [0x00000000e0000000, 0x0000000100000000)
  region size 1024K, 30 young (30720K), 14 survivors (14336K)
 Metaspace       used 86172K, capacity 89132K, committed 89472K, reserved 333824K
  class space    used 10933K, capacity 12073K, committed 12160K, reserved 253952K
GC Heap History (10 events):
Event: 28.403 GC heap before
{Heap before GC invocations=12 (full 0):
 garbage-first heap   total 262144K, used 180945K [0x00000000e0000000, 0x0000000100000000)
  region size 1024K, 153 young (156672K), 20 survivors (20480K)
 Metaspace       used 68440K, capacity 70457K, committed 70656K, reserved 315392K
  class space    used 8895K, capacity 9665K, committed 9728K, reserved 253952K
}
Event: 28.490 GC heap after
{Heap after GC invocations=13 (full 0):
 garbage-first heap   total 262144K, used 58320K [0x00000000e0000000, 0x0000000100000000)
  region size 1024K, 14 young (14336K), 14 survivors (14336K)
 Metaspace       used 68440K, capacity 70457K, committed 70656K, reserved 315392K
  class space    used 8895K, capacity 9665K, committed 9728K, reserved 253952K
}
Event: 32.932 GC heap before
{Heap before GC invocations=13 (full 0):
 garbage-first heap   total 262144K, used 102352K [0x00000000e0000000, 0x0000000100000000)
  region size 1024K, 59 young (60416K), 14 survivors (14336K)
 Metaspace       used 73458K, capacity 75829K, committed 75904K, reserved 319488K
  class space    used 9408K, capacity 10344K, committed 10368K, reserved 253952K
}
Event: 32.987 GC heap after
{Heap after GC invocations=14 (full 0):
 garbage-first heap   total 262144K, used 65536K [0x00000000e0000000, 0x0000000100000000)
  region size 1024K, 7 young (7168K), 7 survivors (7168K)
 Metaspace       used 73458K, capacity 75829K, committed 75904K, reserved 319488K
  class space    used 9408K, capacity 10344K, committed 10368K, reserved 253952K
}
Event: 123.095 GC heap before
{Heap before GC invocations=15 (full 0):
 garbage-first heap   total 262144K, used 174080K [0x00000000e0000000, 0x0000000100000000)
  region size 1024K, 114 young (116736K), 7 survivors (7168K)
 Metaspace       used 79623K, capacity 82306K, committed 82432K, reserved 325632K
  class space    used 10248K, capacity 11264K, committed 11264K, reserved 253952K
}
Event: 123.159 GC heap after
{Heap after GC invocations=16 (full 0):
 garbage-first heap   total 262144K, used 78848K [0x00000000e0000000, 0x0000000100000000)
  region size 1024K, 15 young (15360K), 15 survivors (15360K)
 Metaspace       used 79623K, capacity 82306K, committed 82432K, reserved 325632K
  class space    used 10248K, capacity 11264K, committed 11264K, reserved 253952K
}
Event: 132.929 GC heap before
{Heap before GC invocations=16 (full 0):
 garbage-first heap   total 262144K, used 182272K [0x00000000e0000000, 0x0000000100000000)
  region size 1024K, 117 young (119808K), 15 survivors (15360K)
 Metaspace       used 83922K, capacity 86747K, committed 86912K, reserved 329728K
  class space    used 10756K, capacity 11871K, committed 11904K, reserved 253952K
}
Event: 133.003 GC heap after
{Heap after GC invocations=17 (full 0):
 garbage-first heap   total 262144K, used 88199K [0x00000000e0000000, 0x0000000100000000)
  region size 1024K, 9 young (9216K), 9 survivors (9216K)
 Metaspace       used 83922K, capacity 86747K, committed 86912K, reserved 329728K
  class space    used 10756K, capacity 11871K, committed 11904K, reserved 253952K
}
Event: 141.856 GC heap before
{Heap before GC invocations=17 (full 0):
 garbage-first heap   total 262144K, used 192647K [0x00000000e0000000, 0x0000000100000000)
  region size 1024K, 109 young (111616K), 9 survivors (9216K)
 Metaspace       used 85726K, capacity 88767K, committed 88832K, reserved 331776K
  class space    used 10891K, capacity 11991K, committed 12032K, reserved 253952K
}
Event: 141.918 GC heap after
{Heap after GC invocations=18 (full 0):
 garbage-first heap   total 262144K, used 103267K [0x00000000e0000000, 0x0000000100000000)
  region size 1024K, 14 young (14336K), 14 survivors (14336K)
 Metaspace       used 85726K, capacity 88767K, committed 88832K, reserved 331776K
  class space    used 10891K, capacity 11991K, committed 12032K, reserved 253952K
}

